# JRE version: Java(TM) SE Runtime Environment (17.0.2+8) (build 17.0.2+8-LTS-86)
# Java VM: Java HotSpot(TM) 64-Bit Server VM (17.0.2+8-LTS-86, mixed mode, sharing, tiered, compressed oops, compressed class ptrs, g1 gc, windows-amd64)
GC Precious Log:
 CPUs: 2 total, 2 available
 Memory: 3903M
 Large Page Support: Disabled
 NUMA Support: Disabled
 Compressed Oops: Enabled (32-bit)
 Heap Region Size: 1M
 Heap Min Capacity: 8M
 Heap Initial Capacity: 62M
 Heap Max Capacity: 976M
 Pre-touch: Disabled
 Parallel Workers: 2
 Concurrent Workers: 1
 Concurrent Refinement Workers: 2
 Periodic GC: Disabled
Heap:
 garbage-first heap   total 63488K, used 16682K [0x00000000c3000000, 0x0000000100000000)
  region size 1024K, 9 young (9216K), 5 survivors (5120K)
 Metaspace       used 18794K, committed 19072K, reserved 1073152K
  class space    used 2685K, committed 2816K, reserved 1048576K
GC Heap History (10 events):
Event: 1.451 GC heap before
{Heap before GC invocations=0 (full 0):
 garbage-first heap   total 63488K, used 5120K [0x00000000c3000000, 0x0000000100000000)
  region size 1024K, 6 young (6144K), 0 survivors (0K)
 Metaspace       used 925K, committed 1152K, reserved 1056768K
  class space    used 76K, committed 192K, reserved 1048576K
}
Event: 1.471 GC heap after
{Heap after GC invocations=1 (full 0):
 garbage-first heap   total 63488K, used 873K [0x00000000c3000000, 0x0000000100000000)
  region size 1024K, 1 young (1024K), 1 survivors (1024K)
 Metaspace       used 925K, committed 1152K, reserved 1056768K
  class space    used 76K, committed 192K, reserved 1048576K
}
Event: 4.797 GC heap before
{Heap before GC invocations=1 (full 0):
 garbage-first heap   total 63488K, used 7017K [0x00000000c3000000, 0x0000000100000000)
  region size 1024K, 8 young (8192K), 1 survivors (1024K)
 Metaspace       used 3184K, committed 3328K, reserved 1056768K
  class space    used 335K, committed 448K, reserved 1048576K
}
Event: 4.803 GC heap after
{Heap after GC invocations=2 (full 0):
 garbage-first heap   total 63488K, used 2507K [0x00000000c3000000, 0x0000000100000000)
  region size 1024K, 1 young (1024K), 1 survivors (1024K)
 Metaspace       used 3184K, committed 3328K, reserved 1056768K
  class space    used 335K, committed 448K, reserved 1048576K
}
Event: 6.605 GC heap before
{Heap before GC invocations=2 (full 0):
 garbage-first heap   total 63488K, used 11723K [0x00000000c3000000, 0x0000000100000000)
  region size 1024K, 11 young (11264K), 1 survivors (1024K)
 Metaspace       used 6857K, committed 7104K, reserved 1056768K
  class space    used 888K, committed 1024K, reserved 1048576K
}
Event: 6.611 GC heap after
{Heap after GC invocations=3 (full 0):
 garbage-first heap   total 63488K, used 3136K [0x00000000c3000000, 0x0000000100000000)
  region size 1024K, 2 young (2048K), 2 survivors (2048K)
 Metaspace       used 6857K, committed 7104K, reserved 1056768K
  class space    used 888K, committed 1024K, reserved 1048576K
}
Event: 14.837 GC heap before
{Heap before GC invocations=3 (full 0):
 garbage-first heap   total 63488K, used 41024K [0x00000000c3000000, 0x0000000100000000)
  region size 1024K, 37 young (37888K), 2 survivors (2048K)
 Metaspace       used 15400K, committed 15680K, reserved 1064960K
  class space    used 2292K, committed 2432K, reserved 1048576K
}
Event: 14.857 GC heap after
{Heap after GC invocations=4 (full 0):
 garbage-first heap   total 63488K, used 9048K [0x00000000c3000000, 0x0000000100000000)
  region size 1024K, 5 young (5120K), 5 survivors (5120K)
 Metaspace       used 15400K, committed 15680K, reserved 1064960K
  class space    used 2292K, committed 2432K, reserved 1048576K
}
Event: 321.076 GC heap before
{Heap before GC invocations=4 (full 0):
 garbage-first heap   total 63488K, used 40792K [0x00000000c3000000, 0x0000000100000000)
  region size 1024K, 36 young (36864K), 5 survivors (5120K)
 Metaspace       used 18775K, committed 19072K, reserved 1073152K
  class space    used 2683K, committed 2816K, reserved 1048576K
}
Event: 321.158 GC heap after
{Heap after GC invocations=5 (full 0):
 garbage-first heap   total 63488K, used 13610K [0x00000000c3000000, 0x0000000100000000)
  region size 1024K, 5 young (5120K), 5 survivors (5120K)
 Metaspace       used 18775K, committed 19072K, reserved 1073152K
  class space    used 2683K, committed 2816K, reserved 1048576K
}

